[0.320s] DEBUG:colcon:Command line arguments: ['/usr/bin/colcon', 'list', '-p', '--base-paths', '/home/codybui/gazebo_bot_sim']
[0.320s] DEBUG:colcon:Parsed command line arguments: Namespace(allow_overriding=[], base_paths=['/home/codybui/gazebo_bot_sim'], build_base='build', ignore_user_meta=False, log_base=None, log_level=None, main=<bound method ListVerb.main of <colcon_package_information.verb.list.ListVerb object at 0x7f3f4eaa1c10>>, metas=['./colcon.meta'], names_only=False, packages_above=None, packages_above_and_dependencies=None, packages_above_depth=None, packages_end=None, packages_ignore=None, packages_ignore_regex=None, packages_select=None, packages_select_build_failed=False, packages_select_by_dep=None, packages_select_regex=None, packages_select_test_failures=False, packages_skip=None, packages_skip_build_finished=False, packages_skip_by_dep=None, packages_skip_regex=None, packages_skip_test_passed=False, packages_skip_up_to=None, packages_start=None, packages_up_to=None, packages_up_to_regex=None, paths=None, paths_only=True, topological_graph=False, topological_graph_density=False, topological_graph_dot=False, topological_graph_dot_cluster=False, topological_graph_dot_include_skipped=False, topological_graph_legend=False, topological_order=False, verb_extension=<colcon_package_information.verb.list.ListVerb object at 0x7f3f4eaa1c10>, verb_name='list', verb_parser=<colcon_defaults.argument_parser.defaults.DefaultArgumentsDecorator object at 0x7f3f4e9536d0>)
[0.346s] Level 1:colcon.colcon_core.package_discovery:discover_packages(colcon_meta) check parameters
[0.346s] Level 1:colcon.colcon_core.package_discovery:discover_packages(recursive) check parameters
[0.346s] Level 1:colcon.colcon_core.package_discovery:discover_packages(ignore) check parameters
[0.346s] Level 1:colcon.colcon_core.package_discovery:discover_packages(path) check parameters
[0.346s] Level 1:colcon.colcon_core.package_discovery:discover_packages(recursive) discover
[0.346s] INFO:colcon.colcon_core.package_discovery:Crawling recursively for packages in '/home/codybui/gazebo_bot_sim'
[0.346s] Level 1:colcon.colcon_core.package_identification:_identify(/home/codybui/gazebo_bot_sim) by extensions ['ignore', 'ignore_ament_install']
[0.346s] Level 1:colcon.colcon_core.package_identification:_identify(/home/codybui/gazebo_bot_sim) by extension 'ignore'
[0.346s] Level 1:colcon.colcon_core.package_identification:_identify(/home/codybui/gazebo_bot_sim) by extension 'ignore_ament_install'
[0.346s] Level 1:colcon.colcon_core.package_identification:_identify(/home/codybui/gazebo_bot_sim) by extensions ['colcon_pkg']
[0.346s] Level 1:colcon.colcon_core.package_identification:_identify(/home/codybui/gazebo_bot_sim) by extension 'colcon_pkg'
[0.346s] Level 1:colcon.colcon_core.package_identification:_identify(/home/codybui/gazebo_bot_sim) by extensions ['colcon_meta']
[0.346s] Level 1:colcon.colcon_core.package_identification:_identify(/home/codybui/gazebo_bot_sim) by extension 'colcon_meta'
[0.346s] Level 1:colcon.colcon_core.package_identification:_identify(/home/codybui/gazebo_bot_sim) by extensions ['ros']
[0.346s] Level 1:colcon.colcon_core.package_identification:_identify(/home/codybui/gazebo_bot_sim) by extension 'ros'
[0.357s] Level 1:colcon.colcon_core.package_identification:_identify(/home/codybui/gazebo_bot_sim) by extensions ['cmake', 'python']
[0.357s] Level 1:colcon.colcon_core.package_identification:_identify(/home/codybui/gazebo_bot_sim) by extension 'cmake'
[0.357s] Level 1:colcon.colcon_core.package_identification:_identify(/home/codybui/gazebo_bot_sim) by extension 'python'
[0.357s] Level 1:colcon.colcon_core.package_identification:_identify(/home/codybui/gazebo_bot_sim) by extensions ['python_setup_py']
[0.357s] Level 1:colcon.colcon_core.package_identification:_identify(/home/codybui/gazebo_bot_sim) by extension 'python_setup_py'
[0.357s] Level 1:colcon.colcon_core.package_identification:_identify(/home/codybui/gazebo_bot_sim/build) by extensions ['ignore', 'ignore_ament_install']
[0.358s] Level 1:colcon.colcon_core.package_identification:_identify(/home/codybui/gazebo_bot_sim/build) by extension 'ignore'
[0.358s] Level 1:colcon.colcon_core.package_identification:_identify(/home/codybui/gazebo_bot_sim/build) ignored
[0.358s] Level 1:colcon.colcon_core.package_identification:_identify(/home/codybui/gazebo_bot_sim/install) by extensions ['ignore', 'ignore_ament_install']
[0.358s] Level 1:colcon.colcon_core.package_identification:_identify(/home/codybui/gazebo_bot_sim/install) by extension 'ignore'
[0.358s] Level 1:colcon.colcon_core.package_identification:_identify(/home/codybui/gazebo_bot_sim/install) ignored
[0.358s] Level 1:colcon.colcon_core.package_identification:_identify(/home/codybui/gazebo_bot_sim/log) by extensions ['ignore', 'ignore_ament_install']
[0.358s] Level 1:colcon.colcon_core.package_identification:_identify(/home/codybui/gazebo_bot_sim/log) by extension 'ignore'
[0.358s] Level 1:colcon.colcon_core.package_identification:_identify(/home/codybui/gazebo_bot_sim/log) ignored
[0.358s] Level 1:colcon.colcon_core.package_identification:_identify(/home/codybui/gazebo_bot_sim/src) by extensions ['ignore', 'ignore_ament_install']
[0.358s] Level 1:colcon.colcon_core.package_identification:_identify(/home/codybui/gazebo_bot_sim/src) by extension 'ignore'
[0.358s] Level 1:colcon.colcon_core.package_identification:_identify(/home/codybui/gazebo_bot_sim/src) by extension 'ignore_ament_install'
[0.358s] Level 1:colcon.colcon_core.package_identification:_identify(/home/codybui/gazebo_bot_sim/src) by extensions ['colcon_pkg']
[0.358s] Level 1:colcon.colcon_core.package_identification:_identify(/home/codybui/gazebo_bot_sim/src) by extension 'colcon_pkg'
[0.358s] Level 1:colcon.colcon_core.package_identification:_identify(/home/codybui/gazebo_bot_sim/src) by extensions ['colcon_meta']
[0.358s] Level 1:colcon.colcon_core.package_identification:_identify(/home/codybui/gazebo_bot_sim/src) by extension 'colcon_meta'
[0.358s] Level 1:colcon.colcon_core.package_identification:_identify(/home/codybui/gazebo_bot_sim/src) by extensions ['ros']
[0.358s] Level 1:colcon.colcon_core.package_identification:_identify(/home/codybui/gazebo_bot_sim/src) by extension 'ros'
[0.359s] Level 1:colcon.colcon_core.package_identification:_identify(/home/codybui/gazebo_bot_sim/src) by extensions ['cmake', 'python']
[0.359s] Level 1:colcon.colcon_core.package_identification:_identify(/home/codybui/gazebo_bot_sim/src) by extension 'cmake'
[0.359s] Level 1:colcon.colcon_core.package_identification:_identify(/home/codybui/gazebo_bot_sim/src) by extension 'python'
[0.359s] Level 1:colcon.colcon_core.package_identification:_identify(/home/codybui/gazebo_bot_sim/src) by extensions ['python_setup_py']
[0.359s] Level 1:colcon.colcon_core.package_identification:_identify(/home/codybui/gazebo_bot_sim/src) by extension 'python_setup_py'
[0.359s] Level 1:colcon.colcon_core.package_identification:_identify(/home/codybui/gazebo_bot_sim/src/gazebo_bot_sim-) by extensions ['ignore', 'ignore_ament_install']
[0.359s] Level 1:colcon.colcon_core.package_identification:_identify(/home/codybui/gazebo_bot_sim/src/gazebo_bot_sim-) by extension 'ignore'
[0.359s] Level 1:colcon.colcon_core.package_identification:_identify(/home/codybui/gazebo_bot_sim/src/gazebo_bot_sim-) by extension 'ignore_ament_install'
[0.359s] Level 1:colcon.colcon_core.package_identification:_identify(/home/codybui/gazebo_bot_sim/src/gazebo_bot_sim-) by extensions ['colcon_pkg']
[0.359s] Level 1:colcon.colcon_core.package_identification:_identify(/home/codybui/gazebo_bot_sim/src/gazebo_bot_sim-) by extension 'colcon_pkg'
[0.359s] Level 1:colcon.colcon_core.package_identification:_identify(/home/codybui/gazebo_bot_sim/src/gazebo_bot_sim-) by extensions ['colcon_meta']
[0.359s] Level 1:colcon.colcon_core.package_identification:_identify(/home/codybui/gazebo_bot_sim/src/gazebo_bot_sim-) by extension 'colcon_meta'
[0.359s] Level 1:colcon.colcon_core.package_identification:_identify(/home/codybui/gazebo_bot_sim/src/gazebo_bot_sim-) by extensions ['ros']
[0.359s] Level 1:colcon.colcon_core.package_identification:_identify(/home/codybui/gazebo_bot_sim/src/gazebo_bot_sim-) by extension 'ros'
[0.361s] DEBUG:colcon.colcon_core.package_identification:Package '/home/codybui/gazebo_bot_sim/src/gazebo_bot_sim-' with type 'ros.ament_cmake' and name 'gazebo_bot_sim-'
[0.361s] Level 1:colcon.colcon_core.package_discovery:discover_packages(recursive) using defaults
