[0.017s] Invoking command in '/home/codybui/gazebo_bot_sim/build/gazebo_bot_sim-': CMAKE_PREFIX_PATH=${CMAKE_PREFIX_PATH}:/opt/ros/foxy /usr/bin/cmake /home/codybui/gazebo_bot_sim/src/gazebo_bot_sim- -DAMENT_CMAKE_SYMLINK_INSTALL=1 -DCMAKE_INSTALL_PREFIX=/home/codybui/gazebo_bot_sim/install/gazebo_bot_sim-
[0.076s] -- The C compiler identification is GNU 9.4.0
[0.120s] -- The CXX compiler identification is GNU 9.4.0
[0.124s] -- Check for working C compiler: /usr/bin/cc
[0.204s] -- Check for working C compiler: /usr/bin/cc -- works
[0.206s] -- Detecting C compiler ABI info
[0.296s] -- Detecting C compiler ABI info - done
[0.309s] -- Detecting C compile features
[0.309s] -- Detecting C compile features - done
[0.311s] -- Check for working CXX compiler: /usr/bin/c++
[0.390s] -- Check for working CXX compiler: /usr/bin/c++ -- works
[0.392s] -- Detecting CXX compiler ABI info
[0.487s] -- Detecting CXX compiler ABI info - done
[0.500s] -- Detecting CXX compile features
[0.501s] -- Detecting CXX compile features - done
[0.503s] -- Found ament_cmake: 0.9.11 (/opt/ros/foxy/share/ament_cmake/cmake)
[0.527s] -- Found PythonInterp: /usr/bin/python3 (found suitable version "3.8.10", minimum required is "3") 
[0.527s] -- Using PYTHON_EXECUTABLE: /usr/bin/python3
[0.654s] -- Override CMake install command with custom implementation using symlinks instead of copying resources
[0.683s] -- Found ament_lint_auto: 0.9.7 (/opt/ros/foxy/share/ament_lint_auto/cmake)
[0.749s] -- Added test 'copyright' to check source files copyright and LICENSE
[0.754s] -- Added test 'flake8' to check Python code syntax and style conventions
[0.755s] -- Added test 'lint_cmake' to check CMake code style
[0.756s] -- Added test 'pep257' to check Python code against some of the style conventions in PEP 257
[0.759s] -- Added test 'xmllint' to check XML markup files
[0.761s] -- Configuring done
[0.762s] -- Generating done
[0.763s] -- Build files have been written to: /home/codybui/gazebo_bot_sim/build/gazebo_bot_sim-
[0.766s] Invoked command in '/home/codybui/gazebo_bot_sim/build/gazebo_bot_sim-' returned '0': CMAKE_PREFIX_PATH=${CMAKE_PREFIX_PATH}:/opt/ros/foxy /usr/bin/cmake /home/codybui/gazebo_bot_sim/src/gazebo_bot_sim- -DAMENT_CMAKE_SYMLINK_INSTALL=1 -DCMAKE_INSTALL_PREFIX=/home/codybui/gazebo_bot_sim/install/gazebo_bot_sim-
[0.770s] Invoking command in '/home/codybui/gazebo_bot_sim/build/gazebo_bot_sim-': CMAKE_PREFIX_PATH=${CMAKE_PREFIX_PATH}:/opt/ros/foxy /usr/bin/cmake --build /home/codybui/gazebo_bot_sim/build/gazebo_bot_sim- -- -j16 -l16
[0.806s] Invoked command in '/home/codybui/gazebo_bot_sim/build/gazebo_bot_sim-' returned '0': CMAKE_PREFIX_PATH=${CMAKE_PREFIX_PATH}:/opt/ros/foxy /usr/bin/cmake --build /home/codybui/gazebo_bot_sim/build/gazebo_bot_sim- -- -j16 -l16
[0.848s] Invoking command in '/home/codybui/gazebo_bot_sim/build/gazebo_bot_sim-': CMAKE_PREFIX_PATH=${CMAKE_PREFIX_PATH}:/opt/ros/foxy /usr/bin/cmake --install /home/codybui/gazebo_bot_sim/build/gazebo_bot_sim-
[0.861s] -- Install configuration: ""
[0.861s] -- Execute custom install script
[0.861s] -- Symlinking: /home/codybui/gazebo_bot_sim/install/gazebo_bot_sim-/share/gazebo_bot_sim-/config/empty.yaml
[0.874s] -- Symlinking: /home/codybui/gazebo_bot_sim/install/gazebo_bot_sim-/share/gazebo_bot_sim-/description/robot.urdf.xacro
[0.884s] -- Symlinking: /home/codybui/gazebo_bot_sim/install/gazebo_bot_sim-/share/gazebo_bot_sim-/launch/rsp.launch.py
[0.892s] -- Symlinking: /home/codybui/gazebo_bot_sim/install/gazebo_bot_sim-/share/gazebo_bot_sim-/worlds/empty.world
[0.906s] -- Symlinking: /home/codybui/gazebo_bot_sim/install/gazebo_bot_sim-/share/ament_index/resource_index/package_run_dependencies/gazebo_bot_sim-
[0.921s] -- Symlinking: /home/codybui/gazebo_bot_sim/install/gazebo_bot_sim-/share/ament_index/resource_index/parent_prefix_path/gazebo_bot_sim-
[0.936s] -- Symlinking: /home/codybui/gazebo_bot_sim/install/gazebo_bot_sim-/share/gazebo_bot_sim-/environment/ament_prefix_path.sh
[0.949s] -- Symlinking: /home/codybui/gazebo_bot_sim/install/gazebo_bot_sim-/share/gazebo_bot_sim-/environment/ament_prefix_path.dsv
[0.959s] -- Symlinking: /home/codybui/gazebo_bot_sim/install/gazebo_bot_sim-/share/gazebo_bot_sim-/environment/path.sh
[0.970s] -- Symlinking: /home/codybui/gazebo_bot_sim/install/gazebo_bot_sim-/share/gazebo_bot_sim-/environment/path.dsv
[0.984s] -- Symlinking: /home/codybui/gazebo_bot_sim/install/gazebo_bot_sim-/share/gazebo_bot_sim-/local_setup.bash
[0.994s] -- Symlinking: /home/codybui/gazebo_bot_sim/install/gazebo_bot_sim-/share/gazebo_bot_sim-/local_setup.sh
[1.002s] -- Symlinking: /home/codybui/gazebo_bot_sim/install/gazebo_bot_sim-/share/gazebo_bot_sim-/local_setup.zsh
[1.014s] -- Symlinking: /home/codybui/gazebo_bot_sim/install/gazebo_bot_sim-/share/gazebo_bot_sim-/local_setup.dsv
[1.022s] -- Symlinking: /home/codybui/gazebo_bot_sim/install/gazebo_bot_sim-/share/gazebo_bot_sim-/package.dsv
[1.030s] -- Symlinking: /home/codybui/gazebo_bot_sim/install/gazebo_bot_sim-/share/ament_index/resource_index/packages/gazebo_bot_sim-
[1.038s] -- Symlinking: /home/codybui/gazebo_bot_sim/install/gazebo_bot_sim-/share/gazebo_bot_sim-/cmake/gazebo_bot_sim-Config.cmake
[1.046s] -- Symlinking: /home/codybui/gazebo_bot_sim/install/gazebo_bot_sim-/share/gazebo_bot_sim-/cmake/gazebo_bot_sim-Config-version.cmake
[1.054s] -- Symlinking: /home/codybui/gazebo_bot_sim/install/gazebo_bot_sim-/share/gazebo_bot_sim-/package.xml
[1.064s] Invoked command in '/home/codybui/gazebo_bot_sim/build/gazebo_bot_sim-' returned '0': CMAKE_PREFIX_PATH=${CMAKE_PREFIX_PATH}:/opt/ros/foxy /usr/bin/cmake --install /home/codybui/gazebo_bot_sim/build/gazebo_bot_sim-
