[0.213s] DEBUG:colcon:Command line arguments: ['/usr/bin/colcon', 'build', '--symlink-install']
[0.213s] DEBUG:colcon:Parsed command line arguments: Namespace(allow_overriding=[], ament_cmake_args=None, base_paths=['.'], build_base='build', catkin_cmake_args=None, catkin_skip_building_tests=False, cmake_args=None, cmake_clean_cache=False, cmake_clean_first=False, cmake_force_configure=False, cmake_target=None, cmake_target_skip_unavailable=False, continue_on_error=False, event_handlers=None, executor='parallel', ignore_user_meta=False, install_base='install', log_base=None, log_level=None, main=<bound method BuildVerb.main of <colcon_core.verb.build.BuildVerb object at 0x7f0c151c0340>>, merge_install=False, metas=['./colcon.meta'], packages_above=None, packages_above_and_dependencies=None, packages_above_depth=None, packages_end=None, packages_ignore=None, packages_ignore_regex=None, packages_select=None, packages_select_build_failed=False, packages_select_by_dep=None, packages_select_regex=None, packages_select_test_failures=False, packages_skip=None, packages_skip_build_finished=False, packages_skip_by_dep=None, packages_skip_regex=None, packages_skip_test_passed=False, packages_skip_up_to=None, packages_start=None, packages_up_to=None, packages_up_to_regex=None, parallel_workers=16, paths=None, symlink_install=True, test_result_base=None, verb_extension=<colcon_core.verb.build.BuildVerb object at 0x7f0c151c0340>, verb_name='build', verb_parser=<colcon_defaults.argument_parser.defaults.DefaultArgumentsDecorator object at 0x7f0c151c0880>)
[0.231s] Level 1:colcon.colcon_core.package_discovery:discover_packages(colcon_meta) check parameters
[0.231s] Level 1:colcon.colcon_core.package_discovery:discover_packages(recursive) check parameters
[0.231s] Level 1:colcon.colcon_core.package_discovery:discover_packages(ignore) check parameters
[0.231s] Level 1:colcon.colcon_core.package_discovery:discover_packages(path) check parameters
[0.231s] Level 1:colcon.colcon_core.package_discovery:discover_packages(colcon_meta) discover
[0.231s] Level 1:colcon.colcon_core.package_discovery:discover_packages(recursive) discover
[0.231s] INFO:colcon.colcon_core.package_discovery:Crawling recursively for packages in '/home/codybui/gazebo_bot_sim'
[0.231s] Level 1:colcon.colcon_core.package_identification:_identify(.) by extensions ['ignore', 'ignore_ament_install']
[0.231s] Level 1:colcon.colcon_core.package_identification:_identify(.) by extension 'ignore'
[0.232s] Level 1:colcon.colcon_core.package_identification:_identify(.) by extension 'ignore_ament_install'
[0.232s] Level 1:colcon.colcon_core.package_identification:_identify(.) by extensions ['colcon_pkg']
[0.232s] Level 1:colcon.colcon_core.package_identification:_identify(.) by extension 'colcon_pkg'
[0.232s] Level 1:colcon.colcon_core.package_identification:_identify(.) by extensions ['colcon_meta']
[0.232s] Level 1:colcon.colcon_core.package_identification:_identify(.) by extension 'colcon_meta'
[0.232s] Level 1:colcon.colcon_core.package_identification:_identify(.) by extensions ['ros']
[0.232s] Level 1:colcon.colcon_core.package_identification:_identify(.) by extension 'ros'
[0.249s] Level 1:colcon.colcon_core.package_identification:_identify(.) by extensions ['cmake', 'python']
[0.249s] Level 1:colcon.colcon_core.package_identification:_identify(.) by extension 'cmake'
[0.249s] Level 1:colcon.colcon_core.package_identification:_identify(.) by extension 'python'
[0.249s] Level 1:colcon.colcon_core.package_identification:_identify(.) by extensions ['python_setup_py']
[0.249s] Level 1:colcon.colcon_core.package_identification:_identify(.) by extension 'python_setup_py'
[0.249s] Level 1:colcon.colcon_core.package_identification:_identify(build) by extensions ['ignore', 'ignore_ament_install']
[0.250s] Level 1:colcon.colcon_core.package_identification:_identify(build) by extension 'ignore'
[0.250s] Level 1:colcon.colcon_core.package_identification:_identify(build) ignored
[0.250s] Level 1:colcon.colcon_core.package_identification:_identify(install) by extensions ['ignore', 'ignore_ament_install']
[0.250s] Level 1:colcon.colcon_core.package_identification:_identify(install) by extension 'ignore'
[0.250s] Level 1:colcon.colcon_core.package_identification:_identify(install) ignored
[0.250s] Level 1:colcon.colcon_core.package_identification:_identify(log) by extensions ['ignore', 'ignore_ament_install']
[0.250s] Level 1:colcon.colcon_core.package_identification:_identify(log) by extension 'ignore'
[0.250s] Level 1:colcon.colcon_core.package_identification:_identify(log) ignored
[0.250s] Level 1:colcon.colcon_core.package_identification:_identify(src) by extensions ['ignore', 'ignore_ament_install']
[0.250s] Level 1:colcon.colcon_core.package_identification:_identify(src) by extension 'ignore'
[0.250s] Level 1:colcon.colcon_core.package_identification:_identify(src) by extension 'ignore_ament_install'
[0.250s] Level 1:colcon.colcon_core.package_identification:_identify(src) by extensions ['colcon_pkg']
[0.250s] Level 1:colcon.colcon_core.package_identification:_identify(src) by extension 'colcon_pkg'
[0.250s] Level 1:colcon.colcon_core.package_identification:_identify(src) by extensions ['colcon_meta']
[0.250s] Level 1:colcon.colcon_core.package_identification:_identify(src) by extension 'colcon_meta'
[0.250s] Level 1:colcon.colcon_core.package_identification:_identify(src) by extensions ['ros']
[0.250s] Level 1:colcon.colcon_core.package_identification:_identify(src) by extension 'ros'
[0.250s] Level 1:colcon.colcon_core.package_identification:_identify(src) by extensions ['cmake', 'python']
[0.250s] Level 1:colcon.colcon_core.package_identification:_identify(src) by extension 'cmake'
[0.250s] Level 1:colcon.colcon_core.package_identification:_identify(src) by extension 'python'
[0.250s] Level 1:colcon.colcon_core.package_identification:_identify(src) by extensions ['python_setup_py']
[0.250s] Level 1:colcon.colcon_core.package_identification:_identify(src) by extension 'python_setup_py'
[0.250s] Level 1:colcon.colcon_core.package_identification:_identify(src/gazebo_bot_sim-) by extensions ['ignore', 'ignore_ament_install']
[0.251s] Level 1:colcon.colcon_core.package_identification:_identify(src/gazebo_bot_sim-) by extension 'ignore'
[0.251s] Level 1:colcon.colcon_core.package_identification:_identify(src/gazebo_bot_sim-) by extension 'ignore_ament_install'
[0.251s] Level 1:colcon.colcon_core.package_identification:_identify(src/gazebo_bot_sim-) by extensions ['colcon_pkg']
[0.251s] Level 1:colcon.colcon_core.package_identification:_identify(src/gazebo_bot_sim-) by extension 'colcon_pkg'
[0.251s] Level 1:colcon.colcon_core.package_identification:_identify(src/gazebo_bot_sim-) by extensions ['colcon_meta']
[0.251s] Level 1:colcon.colcon_core.package_identification:_identify(src/gazebo_bot_sim-) by extension 'colcon_meta'
[0.251s] Level 1:colcon.colcon_core.package_identification:_identify(src/gazebo_bot_sim-) by extensions ['ros']
[0.251s] Level 1:colcon.colcon_core.package_identification:_identify(src/gazebo_bot_sim-) by extension 'ros'
[0.253s] DEBUG:colcon.colcon_core.package_identification:Package 'src/gazebo_bot_sim-' with type 'ros.ament_cmake' and name 'gazebo_bot_sim-'
[0.253s] Level 1:colcon.colcon_core.package_discovery:discover_packages(recursive) using defaults
[0.253s] Level 1:colcon.colcon_core.package_discovery:discover_packages(ignore) discover
[0.253s] Level 1:colcon.colcon_core.package_discovery:discover_packages(ignore) using defaults
[0.253s] Level 1:colcon.colcon_core.package_discovery:discover_packages(path) discover
[0.253s] Level 1:colcon.colcon_core.package_discovery:discover_packages(path) using defaults
[0.267s] Level 1:colcon.colcon_core.package_discovery:discover_packages(prefix_path) check parameters
[0.267s] Level 1:colcon.colcon_core.package_discovery:discover_packages(prefix_path) discover
[0.269s] DEBUG:colcon.colcon_installed_package_information.package_discovery:Found 2 installed packages in /home/codybui/gazebo_bot_sim/install
[0.270s] DEBUG:colcon.colcon_installed_package_information.package_discovery:Found 1 installed packages in /home/codybui/git_clone/install
[0.271s] DEBUG:colcon.colcon_installed_package_information.package_discovery:Found 273 installed packages in /opt/ros/foxy
[0.272s] Level 1:colcon.colcon_core.package_discovery:discover_packages(prefix_path) using defaults
[0.319s] Level 5:colcon.colcon_core.verb:set package 'gazebo_bot_sim-' build argument 'cmake_args' from command line to 'None'
[0.319s] Level 5:colcon.colcon_core.verb:set package 'gazebo_bot_sim-' build argument 'cmake_target' from command line to 'None'
[0.319s] Level 5:colcon.colcon_core.verb:set package 'gazebo_bot_sim-' build argument 'cmake_target_skip_unavailable' from command line to 'False'
[0.319s] Level 5:colcon.colcon_core.verb:set package 'gazebo_bot_sim-' build argument 'cmake_clean_cache' from command line to 'False'
[0.319s] Level 5:colcon.colcon_core.verb:set package 'gazebo_bot_sim-' build argument 'cmake_clean_first' from command line to 'False'
[0.319s] Level 5:colcon.colcon_core.verb:set package 'gazebo_bot_sim-' build argument 'cmake_force_configure' from command line to 'False'
[0.319s] Level 5:colcon.colcon_core.verb:set package 'gazebo_bot_sim-' build argument 'ament_cmake_args' from command line to 'None'
[0.319s] Level 5:colcon.colcon_core.verb:set package 'gazebo_bot_sim-' build argument 'catkin_cmake_args' from command line to 'None'
[0.319s] Level 5:colcon.colcon_core.verb:set package 'gazebo_bot_sim-' build argument 'catkin_skip_building_tests' from command line to 'False'
[0.319s] DEBUG:colcon.colcon_core.verb:Building package 'gazebo_bot_sim-' with the following arguments: {'ament_cmake_args': None, 'build_base': '/home/codybui/gazebo_bot_sim/build/gazebo_bot_sim-', 'catkin_cmake_args': None, 'catkin_skip_building_tests': False, 'cmake_args': None, 'cmake_clean_cache': False, 'cmake_clean_first': False, 'cmake_force_configure': False, 'cmake_target': None, 'cmake_target_skip_unavailable': False, 'install_base': '/home/codybui/gazebo_bot_sim/install/gazebo_bot_sim-', 'merge_install': False, 'path': '/home/codybui/gazebo_bot_sim/src/gazebo_bot_sim-', 'symlink_install': True, 'test_result_base': None}
[0.320s] INFO:colcon.colcon_core.executor:Executing jobs using 'parallel' executor
[0.322s] DEBUG:colcon.colcon_parallel_executor.executor.parallel:run_until_complete
[0.322s] INFO:colcon.colcon_ros.task.ament_cmake.build:Building ROS package in '/home/codybui/gazebo_bot_sim/src/gazebo_bot_sim-' with build type 'ament_cmake'
[0.323s] INFO:colcon.colcon_cmake.task.cmake.build:Building CMake package in '/home/codybui/gazebo_bot_sim/src/gazebo_bot_sim-'
[0.326s] INFO:colcon.colcon_core.plugin_system:Skipping extension 'colcon_core.shell.bat': Not used on non-Windows systems
[0.326s] INFO:colcon.colcon_core.shell:Skip shell extension 'powershell' for command environment: Not usable outside of PowerShell
[0.326s] DEBUG:colcon.colcon_core.shell:Skip shell extension 'dsv' for command environment
[0.338s] DEBUG:colcon.colcon_core.event_handler.log_command:Invoking command in '/home/codybui/gazebo_bot_sim/build/gazebo_bot_sim-': CMAKE_PREFIX_PATH=${CMAKE_PREFIX_PATH}:/opt/ros/foxy /usr/bin/cmake --build /home/codybui/gazebo_bot_sim/build/gazebo_bot_sim- -- -j16 -l16
[0.372s] DEBUG:colcon.colcon_core.event_handler.log_command:Invoked command in '/home/codybui/gazebo_bot_sim/build/gazebo_bot_sim-' returned '0': CMAKE_PREFIX_PATH=${CMAKE_PREFIX_PATH}:/opt/ros/foxy /usr/bin/cmake --build /home/codybui/gazebo_bot_sim/build/gazebo_bot_sim- -- -j16 -l16
[0.407s] DEBUG:colcon.colcon_core.event_handler.log_command:Invoking command in '/home/codybui/gazebo_bot_sim/build/gazebo_bot_sim-': CMAKE_PREFIX_PATH=${CMAKE_PREFIX_PATH}:/opt/ros/foxy /usr/bin/cmake --install /home/codybui/gazebo_bot_sim/build/gazebo_bot_sim-
[0.430s] Level 1:colcon.colcon_core.environment:create_environment_scripts_only(gazebo_bot_sim-)
[0.431s] DEBUG:colcon.colcon_core.event_handler.log_command:Invoked command in '/home/codybui/gazebo_bot_sim/build/gazebo_bot_sim-' returned '0': CMAKE_PREFIX_PATH=${CMAKE_PREFIX_PATH}:/opt/ros/foxy /usr/bin/cmake --install /home/codybui/gazebo_bot_sim/build/gazebo_bot_sim-
[0.435s] Level 1:colcon.colcon_core.environment:checking '/home/codybui/gazebo_bot_sim/install/gazebo_bot_sim-' for CMake module files
[0.436s] Level 1:colcon.colcon_core.environment:checking '/home/codybui/gazebo_bot_sim/install/gazebo_bot_sim-' for CMake config files
[0.436s] Level 1:colcon.colcon_core.shell:create_environment_hook('gazebo_bot_sim-', 'cmake_prefix_path')
[0.437s] INFO:colcon.colcon_core.shell:Creating environment hook '/home/codybui/gazebo_bot_sim/install/gazebo_bot_sim-/share/gazebo_bot_sim-/hook/cmake_prefix_path.ps1'
[0.438s] INFO:colcon.colcon_core.shell:Creating environment descriptor '/home/codybui/gazebo_bot_sim/install/gazebo_bot_sim-/share/gazebo_bot_sim-/hook/cmake_prefix_path.dsv'
[0.438s] INFO:colcon.colcon_core.shell:Creating environment hook '/home/codybui/gazebo_bot_sim/install/gazebo_bot_sim-/share/gazebo_bot_sim-/hook/cmake_prefix_path.sh'
[0.439s] Level 1:colcon.colcon_core.environment:checking '/home/codybui/gazebo_bot_sim/install/gazebo_bot_sim-/bin'
[0.439s] Level 1:colcon.colcon_core.environment:checking '/home/codybui/gazebo_bot_sim/install/gazebo_bot_sim-/lib/pkgconfig/gazebo_bot_sim-.pc'
[0.439s] Level 1:colcon.colcon_core.environment:checking '/home/codybui/gazebo_bot_sim/install/gazebo_bot_sim-/lib/python3.8/site-packages'
[0.439s] Level 1:colcon.colcon_core.environment:checking '/home/codybui/gazebo_bot_sim/install/gazebo_bot_sim-/bin'
[0.440s] INFO:colcon.colcon_core.shell:Creating package script '/home/codybui/gazebo_bot_sim/install/gazebo_bot_sim-/share/gazebo_bot_sim-/package.ps1'
[0.441s] INFO:colcon.colcon_core.shell:Creating package descriptor '/home/codybui/gazebo_bot_sim/install/gazebo_bot_sim-/share/gazebo_bot_sim-/package.dsv'
[0.441s] INFO:colcon.colcon_core.shell:Creating package script '/home/codybui/gazebo_bot_sim/install/gazebo_bot_sim-/share/gazebo_bot_sim-/package.sh'
[0.442s] INFO:colcon.colcon_core.shell:Creating package script '/home/codybui/gazebo_bot_sim/install/gazebo_bot_sim-/share/gazebo_bot_sim-/package.bash'
[0.442s] INFO:colcon.colcon_core.shell:Creating package script '/home/codybui/gazebo_bot_sim/install/gazebo_bot_sim-/share/gazebo_bot_sim-/package.zsh'
[0.443s] Level 1:colcon.colcon_core.environment:create_file_with_runtime_dependencies(/home/codybui/gazebo_bot_sim/install/gazebo_bot_sim-/share/colcon-core/packages/gazebo_bot_sim-)
[0.469s] Level 1:colcon.colcon_core.environment:create_environment_scripts_only(gazebo_bot_sim-)
[0.472s] Level 1:colcon.colcon_core.environment:checking '/home/codybui/gazebo_bot_sim/install/gazebo_bot_sim-' for CMake module files
[0.473s] Level 1:colcon.colcon_core.environment:checking '/home/codybui/gazebo_bot_sim/install/gazebo_bot_sim-' for CMake config files
[0.474s] Level 1:colcon.colcon_core.shell:create_environment_hook('gazebo_bot_sim-', 'cmake_prefix_path')
[0.476s] INFO:colcon.colcon_core.shell:Creating environment hook '/home/codybui/gazebo_bot_sim/install/gazebo_bot_sim-/share/gazebo_bot_sim-/hook/cmake_prefix_path.ps1'
[0.477s] INFO:colcon.colcon_core.shell:Creating environment descriptor '/home/codybui/gazebo_bot_sim/install/gazebo_bot_sim-/share/gazebo_bot_sim-/hook/cmake_prefix_path.dsv'
[0.477s] INFO:colcon.colcon_core.shell:Creating environment hook '/home/codybui/gazebo_bot_sim/install/gazebo_bot_sim-/share/gazebo_bot_sim-/hook/cmake_prefix_path.sh'
[0.477s] Level 1:colcon.colcon_core.environment:checking '/home/codybui/gazebo_bot_sim/install/gazebo_bot_sim-/bin'
[0.477s] Level 1:colcon.colcon_core.environment:checking '/home/codybui/gazebo_bot_sim/install/gazebo_bot_sim-/lib/pkgconfig/gazebo_bot_sim-.pc'
[0.477s] Level 1:colcon.colcon_core.environment:checking '/home/codybui/gazebo_bot_sim/install/gazebo_bot_sim-/lib/python3.8/site-packages'
[0.477s] Level 1:colcon.colcon_core.environment:checking '/home/codybui/gazebo_bot_sim/install/gazebo_bot_sim-/bin'
[0.478s] INFO:colcon.colcon_core.shell:Creating package script '/home/codybui/gazebo_bot_sim/install/gazebo_bot_sim-/share/gazebo_bot_sim-/package.ps1'
[0.479s] INFO:colcon.colcon_core.shell:Creating package descriptor '/home/codybui/gazebo_bot_sim/install/gazebo_bot_sim-/share/gazebo_bot_sim-/package.dsv'
[0.479s] INFO:colcon.colcon_core.shell:Creating package script '/home/codybui/gazebo_bot_sim/install/gazebo_bot_sim-/share/gazebo_bot_sim-/package.sh'
[0.479s] INFO:colcon.colcon_core.shell:Creating package script '/home/codybui/gazebo_bot_sim/install/gazebo_bot_sim-/share/gazebo_bot_sim-/package.bash'
[0.480s] INFO:colcon.colcon_core.shell:Creating package script '/home/codybui/gazebo_bot_sim/install/gazebo_bot_sim-/share/gazebo_bot_sim-/package.zsh'
[0.480s] Level 1:colcon.colcon_core.environment:create_file_with_runtime_dependencies(/home/codybui/gazebo_bot_sim/install/gazebo_bot_sim-/share/colcon-core/packages/gazebo_bot_sim-)
[0.480s] DEBUG:colcon.colcon_parallel_executor.executor.parallel:closing loop
[0.480s] DEBUG:colcon.colcon_parallel_executor.executor.parallel:loop closed
[0.481s] DEBUG:colcon.colcon_parallel_executor.executor.parallel:run_until_complete finished with '0'
[0.481s] DEBUG:colcon.colcon_core.event_reactor:joining thread
[0.489s] INFO:colcon.colcon_core.plugin_system:Skipping extension 'colcon_notification.desktop_notification.terminal_notifier': Not used on non-Darwin systems
[0.489s] INFO:colcon.colcon_core.plugin_system:Skipping extension 'colcon_notification.desktop_notification.win32': Not used on non-Windows systems
[0.489s] INFO:colcon.colcon_notification.desktop_notification:Sending desktop notification using 'notify2'
[0.506s] DEBUG:colcon.colcon_core.event_reactor:joined thread
[0.508s] INFO:colcon.colcon_core.shell:Creating prefix script '/home/codybui/gazebo_bot_sim/install/local_setup.ps1'
[0.510s] INFO:colcon.colcon_core.shell:Creating prefix util module '/home/codybui/gazebo_bot_sim/install/_local_setup_util_ps1.py'
[0.513s] INFO:colcon.colcon_core.shell:Creating prefix chain script '/home/codybui/gazebo_bot_sim/install/setup.ps1'
[0.515s] INFO:colcon.colcon_core.shell:Creating prefix script '/home/codybui/gazebo_bot_sim/install/local_setup.sh'
[0.516s] INFO:colcon.colcon_core.shell:Creating prefix util module '/home/codybui/gazebo_bot_sim/install/_local_setup_util_sh.py'
[0.517s] INFO:colcon.colcon_core.shell:Creating prefix chain script '/home/codybui/gazebo_bot_sim/install/setup.sh'
[0.518s] INFO:colcon.colcon_core.shell:Creating prefix script '/home/codybui/gazebo_bot_sim/install/local_setup.bash'
[0.518s] INFO:colcon.colcon_core.shell:Creating prefix chain script '/home/codybui/gazebo_bot_sim/install/setup.bash'
[0.519s] INFO:colcon.colcon_core.shell:Creating prefix script '/home/codybui/gazebo_bot_sim/install/local_setup.zsh'
[0.520s] INFO:colcon.colcon_core.shell:Creating prefix chain script '/home/codybui/gazebo_bot_sim/install/setup.zsh'
